<?xml version="1.0" encoding="UTF-8"?>
<testsuite xmlns:xsi="http://www.w3.org/2001/XMLSchema-instance" xsi:noNamespaceSchemaLocation="https://maven.apache.org/surefire/maven-surefire-plugin/xsd/surefire-test-report.xsd" name="com.paypal.bfs.test.employeeserv.EmployeeRepositoryTest" time="6.887" tests="1" errors="1" skipped="0" failures="0">
  <properties>
[...]
</properties>
  <testcase name="whenFindById_thenReturnEmployee" classname="com.paypal.bfs.test.employeeserv.EmployeeRepositoryTest" time="0.099">
    <error message="Unresolved compilation problem: &#10;	The method assertThat(Integer) is undefined for the type EmployeeRepositoryTest&#10;" type="java.lang.Error">java.lang.Error: 
Unresolved compilation problem: 
	The method assertThat(Integer) is undefined for the type EmployeeRepositoryTest

	at com.paypal.bfs.test.employeeserv.EmployeeRepositoryTest.whenFindById_thenReturnEmployee(EmployeeRepositoryTest.java:52)
</error>
    <system-out><![CDATA[18:04:55.693 [main] DEBUG org.springframework.test.context.junit4.SpringJUnit4ClassRunner - SpringJUnit4ClassRunner constructor called with [class com.paypal.bfs.test.employeeserv.EmployeeRepositoryTest]
18:04:55.706 [main] DEBUG org.springframework.test.context.BootstrapUtils - Instantiating CacheAwareContextLoaderDelegate from class [org.springframework.test.context.cache.DefaultCacheAwareContextLoaderDelegate]
18:04:55.719 [main] DEBUG org.springframework.test.context.BootstrapUtils - Instantiating BootstrapContext using constructor [public org.springframework.test.context.support.DefaultBootstrapContext(java.lang.Class,org.springframework.test.context.CacheAwareContextLoaderDelegate)]
18:04:55.750 [main] DEBUG org.springframework.test.context.BootstrapUtils - Instantiating TestContextBootstrapper for test class [com.paypal.bfs.test.employeeserv.EmployeeRepositoryTest] from class [org.springframework.boot.test.autoconfigure.orm.jpa.DataJpaTestContextBootstrapper]
18:04:55.780 [main] INFO org.springframework.boot.test.autoconfigure.orm.jpa.DataJpaTestContextBootstrapper - Neither @ContextConfiguration nor @ContextHierarchy found for test class [com.paypal.bfs.test.employeeserv.EmployeeRepositoryTest], using SpringBootContextLoader
18:04:55.786 [main] DEBUG org.springframework.test.context.support.AbstractContextLoader - Did not detect default resource location for test class [com.paypal.bfs.test.employeeserv.EmployeeRepositoryTest]: class path resource [com/paypal/bfs/test/employeeserv/EmployeeRepositoryTest-context.xml] does not exist
18:04:55.786 [main] DEBUG org.springframework.test.context.support.AbstractContextLoader - Did not detect default resource location for test class [com.paypal.bfs.test.employeeserv.EmployeeRepositoryTest]: class path resource [com/paypal/bfs/test/employeeserv/EmployeeRepositoryTestContext.groovy] does not exist
18:04:55.786 [main] INFO org.springframework.test.context.support.AbstractContextLoader - Could not detect default resource locations for test class [com.paypal.bfs.test.employeeserv.EmployeeRepositoryTest]: no resource found for suffixes {-context.xml, Context.groovy}.
18:04:55.787 [main] INFO org.springframework.test.context.support.AnnotationConfigContextLoaderUtils - Could not detect default configuration classes for test class [com.paypal.bfs.test.employeeserv.EmployeeRepositoryTest]: EmployeeRepositoryTest does not declare any static, non-private, non-final, nested classes annotated with @Configuration.
18:04:55.886 [main] DEBUG org.springframework.test.context.support.ActiveProfilesUtils - Could not find an 'annotation declaring class' for annotation type [org.springframework.test.context.ActiveProfiles] and class [com.paypal.bfs.test.employeeserv.EmployeeRepositoryTest]
18:04:56.057 [main] DEBUG org.springframework.context.annotation.ClassPathScanningCandidateComponentProvider - Identified candidate component class: file [C:\workspace\employeeserv-master\employeeservImplementation\target\classes\com\paypal\bfs\test\employeeserv\EmployeeservApplication.class]
18:04:56.063 [main] INFO org.springframework.boot.test.context.SpringBootTestContextBootstrapper - Found @SpringBootConfiguration com.paypal.bfs.test.employeeserv.EmployeeservApplication for test class com.paypal.bfs.test.employeeserv.EmployeeRepositoryTest
18:04:56.070 [main] DEBUG org.springframework.boot.test.autoconfigure.orm.jpa.DataJpaTestContextBootstrapper - @TestExecutionListeners is not present for class [com.paypal.bfs.test.employeeserv.EmployeeRepositoryTest]: using defaults.
18:04:56.071 [main] INFO org.springframework.boot.test.autoconfigure.orm.jpa.DataJpaTestContextBootstrapper - Loaded default TestExecutionListener class names from location [META-INF/spring.factories]: [org.springframework.boot.test.mock.mockito.MockitoTestExecutionListener, org.springframework.boot.test.mock.mockito.ResetMocksTestExecutionListener, org.springframework.boot.test.autoconfigure.restdocs.RestDocsTestExecutionListener, org.springframework.boot.test.autoconfigure.web.client.MockRestServiceServerResetTestExecutionListener, org.springframework.boot.test.autoconfigure.web.servlet.MockMvcPrintOnlyOnFailureTestExecutionListener, org.springframework.boot.test.autoconfigure.web.servlet.WebDriverTestExecutionListener, org.springframework.test.context.web.ServletTestExecutionListener, org.springframework.test.context.support.DirtiesContextBeforeModesTestExecutionListener, org.springframework.test.context.support.DependencyInjectionTestExecutionListener, org.springframework.test.context.support.DirtiesContextTestExecutionListener, org.springframework.test.context.transaction.TransactionalTestExecutionListener, org.springframework.test.context.jdbc.SqlScriptsTestExecutionListener]
18:04:56.153 [main] INFO org.springframework.boot.test.autoconfigure.orm.jpa.DataJpaTestContextBootstrapper - Using TestExecutionListeners: [org.springframework.test.context.web.ServletTestExecutionListener@3c9d0b9d, org.springframework.test.context.support.DirtiesContextBeforeModesTestExecutionListener@43301423, org.springframework.boot.test.mock.mockito.MockitoTestExecutionListener@2f112965, org.springframework.boot.test.autoconfigure.SpringBootDependencyInjectionTestExecutionListener@1a04f701, org.springframework.test.context.support.DirtiesContextTestExecutionListener@4e91d63f, org.springframework.test.context.transaction.TransactionalTestExecutionListener@d4342c2, org.springframework.test.context.jdbc.SqlScriptsTestExecutionListener@2bbf180e, org.springframework.boot.test.mock.mockito.ResetMocksTestExecutionListener@163e4e87, org.springframework.boot.test.autoconfigure.restdocs.RestDocsTestExecutionListener@56de5251, org.springframework.boot.test.autoconfigure.web.client.MockRestServiceServerResetTestExecutionListener@419c5f1a, org.springframework.boot.test.autoconfigure.web.servlet.MockMvcPrintOnlyOnFailureTestExecutionListener@12b0404f, org.springframework.boot.test.autoconfigure.web.servlet.WebDriverTestExecutionListener@769e7ee8]
18:04:56.163 [main] DEBUG org.springframework.test.annotation.ProfileValueUtils - Retrieved @ProfileValueSourceConfiguration [null] for test class [com.paypal.bfs.test.employeeserv.EmployeeRepositoryTest]
18:04:56.167 [main] DEBUG org.springframework.test.annotation.ProfileValueUtils - Retrieved ProfileValueSource type [class org.springframework.test.annotation.SystemProfileValueSource] for class [com.paypal.bfs.test.employeeserv.EmployeeRepositoryTest]
18:04:56.176 [main] DEBUG org.springframework.test.annotation.ProfileValueUtils - Retrieved @ProfileValueSourceConfiguration [null] for test class [com.paypal.bfs.test.employeeserv.EmployeeRepositoryTest]
18:04:56.178 [main] DEBUG org.springframework.test.annotation.ProfileValueUtils - Retrieved ProfileValueSource type [class org.springframework.test.annotation.SystemProfileValueSource] for class [com.paypal.bfs.test.employeeserv.EmployeeRepositoryTest]
18:04:56.183 [main] DEBUG org.springframework.test.annotation.ProfileValueUtils - Retrieved @ProfileValueSourceConfiguration [null] for test class [com.paypal.bfs.test.employeeserv.EmployeeRepositoryTest]
18:04:56.184 [main] DEBUG org.springframework.test.annotation.ProfileValueUtils - Retrieved ProfileValueSource type [class org.springframework.test.annotation.SystemProfileValueSource] for class [com.paypal.bfs.test.employeeserv.EmployeeRepositoryTest]
18:04:56.207 [main] DEBUG org.springframework.test.context.support.AbstractDirtiesContextTestExecutionListener - Before test class: context [DefaultTestContext@20d28811 testClass = EmployeeRepositoryTest, testInstance = [null], testMethod = [null], testException = [null], mergedContextConfiguration = [MergedContextConfiguration@3967e60c testClass = EmployeeRepositoryTest, locations = '{}', classes = '{class com.paypal.bfs.test.employeeserv.EmployeeservApplication}', contextInitializerClasses = '[]', activeProfiles = '{}', propertySourceLocations = '{}', propertySourceProperties = '{org.springframework.boot.test.autoconfigure.orm.jpa.DataJpaTestContextBootstrapper=true}', contextCustomizers = set[[ImportsContextCustomizer@60d8c9b7 key = [org.springframework.boot.autoconfigure.cache.CacheAutoConfiguration, org.springframework.boot.autoconfigure.data.jpa.JpaRepositoriesAutoConfiguration, org.springframework.boot.autoconfigure.flyway.FlywayAutoConfiguration, org.springframework.boot.autoconfigure.jdbc.DataSourceAutoConfiguration, org.springframework.boot.autoconfigure.jdbc.DataSourceTransactionManagerAutoConfiguration, org.springframework.boot.autoconfigure.jdbc.JdbcTemplateAutoConfiguration, org.springframework.boot.autoconfigure.liquibase.LiquibaseAutoConfiguration, org.springframework.boot.autoconfigure.orm.jpa.HibernateJpaAutoConfiguration, org.springframework.boot.autoconfigure.transaction.TransactionAutoConfiguration, org.springframework.boot.test.autoconfigure.jdbc.TestDatabaseAutoConfiguration, org.springframework.boot.test.autoconfigure.orm.jpa.TestEntityManagerAutoConfiguration]], org.springframework.boot.test.context.filter.ExcludeFilterContextCustomizer@58a90037, org.springframework.boot.test.json.DuplicateJsonObjectContextCustomizerFactory$DuplicateJsonObjectContextCustomizer@130f889, org.springframework.boot.test.mock.mockito.MockitoContextCustomizer@0, org.springframework.boot.test.autoconfigure.OverrideAutoConfigurationContextCustomizerFactory$DisableAutoConfigurationContextCustomizer@12028586, org.springframework.boot.test.autoconfigure.filter.TypeExcludeFiltersContextCustomizer@351584c0, org.springframework.boot.test.autoconfigure.properties.PropertyMappingContextCustomizer@fce4a261, org.springframework.boot.test.autoconfigure.web.servlet.WebDriverContextCustomizerFactory$Customizer@5606c0b], contextLoader = 'org.springframework.boot.test.context.SpringBootContextLoader', parent = [null]], attributes = map[[empty]]], class annotated with @DirtiesContext [false] with mode [null].
18:04:56.212 [main] DEBUG org.springframework.test.annotation.ProfileValueUtils - Retrieved @ProfileValueSourceConfiguration [null] for test class [com.paypal.bfs.test.employeeserv.EmployeeRepositoryTest]
18:04:56.213 [main] DEBUG org.springframework.test.annotation.ProfileValueUtils - Retrieved ProfileValueSource type [class org.springframework.test.annotation.SystemProfileValueSource] for class [com.paypal.bfs.test.employeeserv.EmployeeRepositoryTest]
18:04:56.237 [main] DEBUG org.springframework.test.context.support.DependencyInjectionTestExecutionListener - Performing dependency injection for test context [[DefaultTestContext@20d28811 testClass = EmployeeRepositoryTest, testInstance = com.paypal.bfs.test.employeeserv.EmployeeRepositoryTest@36c88a32, testMethod = [null], testException = [null], mergedContextConfiguration = [MergedContextConfiguration@3967e60c testClass = EmployeeRepositoryTest, locations = '{}', classes = '{class com.paypal.bfs.test.employeeserv.EmployeeservApplication}', contextInitializerClasses = '[]', activeProfiles = '{}', propertySourceLocations = '{}', propertySourceProperties = '{org.springframework.boot.test.autoconfigure.orm.jpa.DataJpaTestContextBootstrapper=true}', contextCustomizers = set[[ImportsContextCustomizer@60d8c9b7 key = [org.springframework.boot.autoconfigure.cache.CacheAutoConfiguration, org.springframework.boot.autoconfigure.data.jpa.JpaRepositoriesAutoConfiguration, org.springframework.boot.autoconfigure.flyway.FlywayAutoConfiguration, org.springframework.boot.autoconfigure.jdbc.DataSourceAutoConfiguration, org.springframework.boot.autoconfigure.jdbc.DataSourceTransactionManagerAutoConfiguration, org.springframework.boot.autoconfigure.jdbc.JdbcTemplateAutoConfiguration, org.springframework.boot.autoconfigure.liquibase.LiquibaseAutoConfiguration, org.springframework.boot.autoconfigure.orm.jpa.HibernateJpaAutoConfiguration, org.springframework.boot.autoconfigure.transaction.TransactionAutoConfiguration, org.springframework.boot.test.autoconfigure.jdbc.TestDatabaseAutoConfiguration, org.springframework.boot.test.autoconfigure.orm.jpa.TestEntityManagerAutoConfiguration]], org.springframework.boot.test.context.filter.ExcludeFilterContextCustomizer@58a90037, org.springframework.boot.test.json.DuplicateJsonObjectContextCustomizerFactory$DuplicateJsonObjectContextCustomizer@130f889, org.springframework.boot.test.mock.mockito.MockitoContextCustomizer@0, org.springframework.boot.test.autoconfigure.OverrideAutoConfigurationContextCustomizerFactory$DisableAutoConfigurationContextCustomizer@12028586, org.springframework.boot.test.autoconfigure.filter.TypeExcludeFiltersContextCustomizer@351584c0, org.springframework.boot.test.autoconfigure.properties.PropertyMappingContextCustomizer@fce4a261, org.springframework.boot.test.autoconfigure.web.servlet.WebDriverContextCustomizerFactory$Customizer@5606c0b], contextLoader = 'org.springframework.boot.test.context.SpringBootContextLoader', parent = [null]], attributes = map[[empty]]]].
18:04:56.454 [main] DEBUG org.springframework.test.context.support.TestPropertySourceUtils - Adding inlined properties to environment: {spring.jmx.enabled=false, org.springframework.boot.test.autoconfigure.orm.jpa.DataJpaTestContextBootstrapper=true, server.port=-1}

  .   ____          _            __ _ _
 /\\ / ___'_ __ _ _(_)_ __  __ _ \ \ \ \
( ( )\___ | '_ | '_| | '_ \/ _` | \ \ \ \
 \\/  ___)| |_)| | | | | || (_| |  ) ) ) )
  '  |____| .__|_| |_|_| |_\__, | / / / /
 =========|_|==============|___/=/_/_/_/
 :: Spring Boot ::        (v2.1.9.RELEASE)

2020-08-05 18:04:56.887  INFO 7188 --- [           main] c.p.b.t.e.EmployeeRepositoryTest         : Starting EmployeeRepositoryTest on DESKTOP-3L4GGSQ with PID 7188 (started by vvams in C:\workspace\employeeserv-master\employeeservImplementation)
2020-08-05 18:04:56.890  INFO 7188 --- [           main] c.p.b.t.e.EmployeeRepositoryTest         : No active profile set, falling back to default profiles: default
2020-08-05 18:04:57.534  INFO 7188 --- [           main] .s.d.r.c.RepositoryConfigurationDelegate : Bootstrapping Spring Data repositories in DEFAULT mode.
2020-08-05 18:04:57.698  INFO 7188 --- [           main] .s.d.r.c.RepositoryConfigurationDelegate : Finished Spring Data repository scanning in 147ms. Found 2 repository interfaces.
2020-08-05 18:04:57.777  INFO 7188 --- [           main] beddedDataSourceBeanFactoryPostProcessor : Replacing 'dataSource' DataSource bean with embedded version
2020-08-05 18:04:58.319  INFO 7188 --- [           main] o.s.j.d.e.EmbeddedDatabaseFactory        : Starting embedded database: url='jdbc:h2:mem:feba52a4-fa99-4b27-9551-96868ea43bda;DB_CLOSE_DELAY=-1;DB_CLOSE_ON_EXIT=false', username='sa'
2020-08-05 18:04:58.960  INFO 7188 --- [           main] o.hibernate.jpa.internal.util.LogHelper  : HHH000204: Processing PersistenceUnitInfo [
	name: default
	...]
2020-08-05 18:04:59.095  INFO 7188 --- [           main] org.hibernate.Version                    : HHH000412: Hibernate Core {5.3.12.Final}
2020-08-05 18:04:59.099  INFO 7188 --- [           main] org.hibernate.cfg.Environment            : HHH000206: hibernate.properties not found
2020-08-05 18:04:59.463  INFO 7188 --- [           main] o.hibernate.annotations.common.Version   : HCANN000001: Hibernate Commons Annotations {5.0.4.Final}
2020-08-05 18:04:59.835  INFO 7188 --- [           main] org.hibernate.dialect.Dialect            : HHH000400: Using dialect: org.hibernate.dialect.H2Dialect
Hibernate: drop table address if exists
Hibernate: drop table employee if exists
Hibernate: drop sequence if exists hibernate_sequence
Hibernate: create sequence hibernate_sequence start with 1 increment by 1
Hibernate: create table address (address_id integer not null, city varchar(60) not null, country varchar(60) not null, line_1 varchar(240) not null, line_2 varchar(240), state varchar(60) not null, zip_code varchar(60) not null, id integer, primary key (address_id))
Hibernate: create table employee (id integer not null, date_of_birth date not null, first_name varchar(255) not null, last_name varchar(255) not null, primary key (id))
Hibernate: alter table address add constraint FKnoa3uxqcd1p8mdp2pmd3w43ek foreign key (id) references employee
2020-08-05 18:05:01.323  INFO 7188 --- [           main] o.h.t.schema.internal.SchemaCreatorImpl  : HHH000476: Executing import script 'org.hibernate.tool.schema.internal.exec.ScriptSourceInputNonExistentImpl@7a687d8d'
2020-08-05 18:05:01.334  INFO 7188 --- [           main] j.LocalContainerEntityManagerFactoryBean : Initialized JPA EntityManagerFactory for persistence unit 'default'
2020-08-05 18:05:02.149  INFO 7188 --- [           main] c.p.b.t.e.EmployeeRepositoryTest         : Started EmployeeRepositoryTest in 5.686 seconds (JVM running for 7.366)
2020-08-05 18:05:02.171  INFO 7188 --- [           main] o.s.t.c.transaction.TransactionContext   : Began transaction (1) for test context [DefaultTestContext@20d28811 testClass = EmployeeRepositoryTest, testInstance = com.paypal.bfs.test.employeeserv.EmployeeRepositoryTest@36c88a32, testMethod = whenFindById_thenReturnEmployee@EmployeeRepositoryTest, testException = [null], mergedContextConfiguration = [MergedContextConfiguration@3967e60c testClass = EmployeeRepositoryTest, locations = '{}', classes = '{class com.paypal.bfs.test.employeeserv.EmployeeservApplication}', contextInitializerClasses = '[]', activeProfiles = '{}', propertySourceLocations = '{}', propertySourceProperties = '{org.springframework.boot.test.autoconfigure.orm.jpa.DataJpaTestContextBootstrapper=true}', contextCustomizers = set[[ImportsContextCustomizer@60d8c9b7 key = [org.springframework.boot.autoconfigure.cache.CacheAutoConfiguration, org.springframework.boot.autoconfigure.data.jpa.JpaRepositoriesAutoConfiguration, org.springframework.boot.autoconfigure.flyway.FlywayAutoConfiguration, org.springframework.boot.autoconfigure.jdbc.DataSourceAutoConfiguration, org.springframework.boot.autoconfigure.jdbc.DataSourceTransactionManagerAutoConfiguration, org.springframework.boot.autoconfigure.jdbc.JdbcTemplateAutoConfiguration, org.springframework.boot.autoconfigure.liquibase.LiquibaseAutoConfiguration, org.springframework.boot.autoconfigure.orm.jpa.HibernateJpaAutoConfiguration, org.springframework.boot.autoconfigure.transaction.TransactionAutoConfiguration, org.springframework.boot.test.autoconfigure.jdbc.TestDatabaseAutoConfiguration, org.springframework.boot.test.autoconfigure.orm.jpa.TestEntityManagerAutoConfiguration]], org.springframework.boot.test.context.filter.ExcludeFilterContextCustomizer@58a90037, org.springframework.boot.test.json.DuplicateJsonObjectContextCustomizerFactory$DuplicateJsonObjectContextCustomizer@130f889, org.springframework.boot.test.mock.mockito.MockitoContextCustomizer@0, org.springframework.boot.test.autoconfigure.OverrideAutoConfigurationContextCustomizerFactory$DisableAutoConfigurationContextCustomizer@12028586, org.springframework.boot.test.autoconfigure.filter.TypeExcludeFiltersContextCustomizer@351584c0, org.springframework.boot.test.autoconfigure.properties.PropertyMappingContextCustomizer@fce4a261, org.springframework.boot.test.autoconfigure.web.servlet.WebDriverContextCustomizerFactory$Customizer@5606c0b], contextLoader = 'org.springframework.boot.test.context.SpringBootContextLoader', parent = [null]], attributes = map[[empty]]]; transaction manager [org.springframework.orm.jpa.JpaTransactionManager@5856dbe4]; rollback [true]
2020-08-05 18:05:02.251  INFO 7188 --- [           main] o.s.t.c.transaction.TransactionContext   : Rolled back transaction for test: [DefaultTestContext@20d28811 testClass = EmployeeRepositoryTest, testInstance = com.paypal.bfs.test.employeeserv.EmployeeRepositoryTest@36c88a32, testMethod = whenFindById_thenReturnEmployee@EmployeeRepositoryTest, testException = java.lang.Error: Unresolved compilation problem: 
	The method assertThat(Integer) is undefined for the type EmployeeRepositoryTest
, mergedContextConfiguration = [MergedContextConfiguration@3967e60c testClass = EmployeeRepositoryTest, locations = '{}', classes = '{class com.paypal.bfs.test.employeeserv.EmployeeservApplication}', contextInitializerClasses = '[]', activeProfiles = '{}', propertySourceLocations = '{}', propertySourceProperties = '{org.springframework.boot.test.autoconfigure.orm.jpa.DataJpaTestContextBootstrapper=true}', contextCustomizers = set[[ImportsContextCustomizer@60d8c9b7 key = [org.springframework.boot.autoconfigure.cache.CacheAutoConfiguration, org.springframework.boot.autoconfigure.data.jpa.JpaRepositoriesAutoConfiguration, org.springframework.boot.autoconfigure.flyway.FlywayAutoConfiguration, org.springframework.boot.autoconfigure.jdbc.DataSourceAutoConfiguration, org.springframework.boot.autoconfigure.jdbc.DataSourceTransactionManagerAutoConfiguration, org.springframework.boot.autoconfigure.jdbc.JdbcTemplateAutoConfiguration, org.springframework.boot.autoconfigure.liquibase.LiquibaseAutoConfiguration, org.springframework.boot.autoconfigure.orm.jpa.HibernateJpaAutoConfiguration, org.springframework.boot.autoconfigure.transaction.TransactionAutoConfiguration, org.springframework.boot.test.autoconfigure.jdbc.TestDatabaseAutoConfiguration, org.springframework.boot.test.autoconfigure.orm.jpa.TestEntityManagerAutoConfiguration]], org.springframework.boot.test.context.filter.ExcludeFilterContextCustomizer@58a90037, org.springframework.boot.test.json.DuplicateJsonObjectContextCustomizerFactory$DuplicateJsonObjectContextCustomizer@130f889, org.springframework.boot.test.mock.mockito.MockitoContextCustomizer@0, org.springframework.boot.test.autoconfigure.OverrideAutoConfigurationContextCustomizerFactory$DisableAutoConfigurationContextCustomizer@12028586, org.springframework.boot.test.autoconfigure.filter.TypeExcludeFiltersContextCustomizer@351584c0, org.springframework.boot.test.autoconfigure.properties.PropertyMappingContextCustomizer@fce4a261, org.springframework.boot.test.autoconfigure.web.servlet.WebDriverContextCustomizerFactory$Customizer@5606c0b], contextLoader = 'org.springframework.boot.test.context.SpringBootContextLoader', parent = [null]], attributes = map[[empty]]]
]]></system-out>
  </testcase>
</testsuite>